-------------------------------------------------------------------------------
Test set: com.example.LibraryAppDemo.LibraryAppDemoApplicationTests
-------------------------------------------------------------------------------
Tests run: 1, Failures: 0, Errors: 1, Skipped: 0, Time elapsed: 18.965 s <<< FAILURE! - in com.example.LibraryAppDemo.LibraryAppDemoApplicationTests
contextLoads  Time elapsed: 0.124 s  <<< ERROR!
java.lang.IllegalStateException: Failed to load ApplicationContext
Caused by: org.springframework.beans.factory.BeanCreationException: Error creating bean with name 'bookRepository': FactoryBean threw exception on object creation; nested exception is java.lang.IllegalArgumentException: Failed to create query for method public abstract com.example.LibraryAppDemo.entity.Book com.example.LibraryAppDemo.repository.BookRepository.findByISBN(java.lang.String)! No property ISBN found for type Book!
Caused by: java.lang.IllegalArgumentException: Failed to create query for method public abstract com.example.LibraryAppDemo.entity.Book com.example.LibraryAppDemo.repository.BookRepository.findByISBN(java.lang.String)! No property ISBN found for type Book!
Caused by: org.springframework.data.mapping.PropertyReferenceException: No property ISBN found for type Book!

